<?xml version="1.0" encoding="UTF-8"?>
<!-- Generated by org.testng.reporters.JUnitXMLReporter -->
<testsuite ignored="0" hostname="DESKTOP-POFR50H" failures="0" tests="6" name="Default test" time="0.035" errors="0" timestamp="2021-10-18T22:53:15 EDT">
  <testcase classname="Package_invocationcount.class_invocationCount" name="Test01" time="0.007"/>
  <testcase classname="Package_invocationcount.class_invocationCount" name="Test01" time="0.001"/>
  <testcase classname="Package_invocationcount.class_invocationCount" name="Test01" time="0.0"/>
  <testcase classname="Package_invocationcount.class_invocationCount" name="Test01" time="0.0"/>
  <testcase classname="Package_invocationcount.class_invocationCount" name="Test01" time="0.0"/>
  <testcase classname="Package_invocationcount.class_invocationCount" name="Test01" time="0.001"/>
</testsuite> <!-- Default test -->
