<?xml version="1.0" encoding="UTF-8"?>
<testng-results ignored="0" total="6" passed="6" failed="0" skipped="0">
  <reporter-output>
  </reporter-output>
  <suite started-at="2021-10-18T22:53:15 EDT" name="Default suite" finished-at="2021-10-18T22:53:15 EDT" duration-ms="35">
    <groups>
    </groups>
    <test started-at="2021-10-18T22:53:15 EDT" name="Default test" finished-at="2021-10-18T22:53:15 EDT" duration-ms="35">
      <class name="Package_invocationcount.class_invocationCount">
        <test-method signature="Test01()[pri:0, instance:Package_invocationcount.class_invocationCount@5f9b2141]" started-at="2021-10-18T22:53:15 EDT" name="Test01" finished-at="2021-10-18T22:53:15 EDT" duration-ms="7" status="PASS">
          <reporter-output>
          </reporter-output>
        </test-method> <!-- Test01 -->
        <test-method signature="Test01()[pri:0, instance:Package_invocationcount.class_invocationCount@5f9b2141]" started-at="2021-10-18T22:53:15 EDT" name="Test01" finished-at="2021-10-18T22:53:15 EDT" duration-ms="1" status="PASS">
          <reporter-output>
          </reporter-output>
        </test-method> <!-- Test01 -->
        <test-method signature="Test01()[pri:0, instance:Package_invocationcount.class_invocationCount@5f9b2141]" started-at="2021-10-18T22:53:15 EDT" name="Test01" finished-at="2021-10-18T22:53:15 EDT" duration-ms="0" status="PASS">
          <reporter-output>
          </reporter-output>
        </test-method> <!-- Test01 -->
        <test-method signature="Test01()[pri:0, instance:Package_invocationcount.class_invocationCount@5f9b2141]" started-at="2021-10-18T22:53:15 EDT" name="Test01" finished-at="2021-10-18T22:53:15 EDT" duration-ms="0" status="PASS">
          <reporter-output>
          </reporter-output>
        </test-method> <!-- Test01 -->
        <test-method signature="Test01()[pri:0, instance:Package_invocationcount.class_invocationCount@5f9b2141]" started-at="2021-10-18T22:53:15 EDT" name="Test01" finished-at="2021-10-18T22:53:15 EDT" duration-ms="0" status="PASS">
          <reporter-output>
          </reporter-output>
        </test-method> <!-- Test01 -->
        <test-method signature="Test01()[pri:0, instance:Package_invocationcount.class_invocationCount@5f9b2141]" started-at="2021-10-18T22:53:15 EDT" name="Test01" finished-at="2021-10-18T22:53:15 EDT" duration-ms="1" status="PASS">
          <reporter-output>
          </reporter-output>
        </test-method> <!-- Test01 -->
      </class> <!-- Package_invocationcount.class_invocationCount -->
    </test> <!-- Default test -->
  </suite> <!-- Default suite -->
</testng-results>
